0 info it worked if it ends with ok
1 verbose cli [ '/usr/local/bin/node',
1 verbose cli   '/usr/local/bin/npm',
1 verbose cli   'run',
1 verbose cli   'css:prefix' ]
2 info using npm@3.10.3
3 info using node@v6.6.0
4 verbose run-script [ 'precss:prefix', 'css:prefix', 'postcss:prefix' ]
5 info lifecycle global-game-jam-honolulu@1.0.0~precss:prefix: global-game-jam-honolulu@1.0.0
6 silly lifecycle global-game-jam-honolulu@1.0.0~precss:prefix: no script for precss:prefix, continuing
7 info lifecycle global-game-jam-honolulu@1.0.0~css:prefix: global-game-jam-honolulu@1.0.0
8 verbose lifecycle global-game-jam-honolulu@1.0.0~css:prefix: unsafe-perm in lifecycle true
9 verbose lifecycle global-game-jam-honolulu@1.0.0~css:prefix: PATH: /usr/local/lib/node_modules/npm/bin/node-gyp-bin:/Users/kelli/Git/global-game-jam-honolulu/node_modules/.bin:/usr/local/bin:/usr/local/lib/node_modules/npm/bin/node-gyp-bin:/Users/kelli/Git/global-game-jam-honolulu/node_modules/.bin:/usr/local/bin:/usr/local/bin:/usr/bin:/bin:/usr/sbin:/sbin
10 verbose lifecycle global-game-jam-honolulu@1.0.0~css:prefix: CWD: /Users/kelli/Git/global-game-jam-honolulu
11 silly lifecycle global-game-jam-honolulu@1.0.0~css:prefix: Args: [ '-c',
11 silly lifecycle   'postcss -u autoprefixer -w -o \'compartments/assets/styles/styles.css\'' ]
12 silly lifecycle global-game-jam-honolulu@1.0.0~css:prefix: Returned: code: 1  signal: null
13 info lifecycle global-game-jam-honolulu@1.0.0~css:prefix: Failed to exec css:prefix script
14 verbose stack Error: global-game-jam-honolulu@1.0.0 css:prefix: `postcss -u autoprefixer -w -o 'compartments/assets/styles/styles.css'`
14 verbose stack Exit status 1
14 verbose stack     at EventEmitter.<anonymous> (/usr/local/lib/node_modules/npm/lib/utils/lifecycle.js:242:16)
14 verbose stack     at emitTwo (events.js:106:13)
14 verbose stack     at EventEmitter.emit (events.js:191:7)
14 verbose stack     at ChildProcess.<anonymous> (/usr/local/lib/node_modules/npm/lib/utils/spawn.js:40:14)
14 verbose stack     at emitTwo (events.js:106:13)
14 verbose stack     at ChildProcess.emit (events.js:191:7)
14 verbose stack     at maybeClose (internal/child_process.js:877:16)
14 verbose stack     at Process.ChildProcess._handle.onexit (internal/child_process.js:226:5)
15 verbose pkgid global-game-jam-honolulu@1.0.0
16 verbose cwd /Users/kelli/Git/global-game-jam-honolulu
17 error Darwin 14.5.0
18 error argv "/usr/local/bin/node" "/usr/local/bin/npm" "run" "css:prefix"
19 error node v6.6.0
20 error npm  v3.10.3
21 error code ELIFECYCLE
22 error global-game-jam-honolulu@1.0.0 css:prefix: `postcss -u autoprefixer -w -o 'compartments/assets/styles/styles.css'`
22 error Exit status 1
23 error Failed at the global-game-jam-honolulu@1.0.0 css:prefix script 'postcss -u autoprefixer -w -o 'compartments/assets/styles/styles.css''.
23 error Make sure you have the latest version of node.js and npm installed.
23 error If you do, this is most likely a problem with the global-game-jam-honolulu package,
23 error not with npm itself.
23 error Tell the author that this fails on your system:
23 error     postcss -u autoprefixer -w -o 'compartments/assets/styles/styles.css'
23 error You can get information on how to open an issue for this project with:
23 error     npm bugs global-game-jam-honolulu
23 error Or if that isn't available, you can get their info via:
23 error     npm owner ls global-game-jam-honolulu
23 error There is likely additional logging output above.
24 verbose exit [ 1, true ]
